<?xml version="1.0" encoding="UTF-8"?>
<coverage generated="1500990254652" clover="3.2.0">
  <project timestamp="1500990254652" name="All files">
    <metrics statements="23" coveredstatements="7" conditionals="9" coveredconditionals="0" methods="14" coveredmethods="4" elements="46" coveredelements="11" complexity="0" loc="23" ncloc="23" packages="1" files="5" classes="5">
      <file name="Book.js" path="/Users/angel/development/learning/myreads/src/components/Book.js">
        <metrics statements="2" coveredstatements="2" conditionals="0" coveredconditionals="0" methods="1" coveredmethods="1"/>
        <line num="14" count="3" type="stmt"/>
        <line num="15" count="3" type="stmt"/>
      </file>
      <file name="BookShelf.js" path="/Users/angel/development/learning/myreads/src/components/BookShelf.js">
        <metrics statements="3" coveredstatements="3" conditionals="0" coveredconditionals="0" methods="2" coveredmethods="2"/>
        <line num="14" count="1" type="stmt"/>
        <line num="15" count="1" type="stmt"/>
        <line num="21" count="2" type="stmt"/>
      </file>
      <file name="ListBooks.js" path="/Users/angel/development/learning/myreads/src/components/ListBooks.js">
        <metrics statements="7" coveredstatements="0" conditionals="4" coveredconditionals="0" methods="5" coveredmethods="0"/>
        <line num="1" count="0" type="stmt"/>
        <line num="4" count="0" type="cond" truecount="0" falsecount="4"/>
        <line num="14" count="0" type="stmt"/>
        <line num="15" count="0" type="stmt"/>
        <line num="16" count="0" type="stmt"/>
        <line num="17" count="0" type="stmt"/>
        <line num="18" count="0" type="stmt"/>
      </file>
      <file name="SearchBooks.js" path="/Users/angel/development/learning/myreads/src/components/SearchBooks.js">
        <metrics statements="8" coveredstatements="0" conditionals="5" coveredconditionals="0" methods="4" coveredmethods="0"/>
        <line num="1" count="0" type="stmt"/>
        <line num="6" count="0" type="cond" truecount="0" falsecount="4"/>
        <line num="40" count="0" type="stmt"/>
        <line num="41" count="0" type="stmt"/>
        <line num="43" count="0" type="stmt"/>
        <line num="45" count="0" type="stmt"/>
        <line num="54" count="0" type="stmt"/>
        <line num="70" count="0" type="stmt"/>
      </file>
      <file name="booksSelector.js" path="/Users/angel/development/learning/myreads/src/components/booksSelector.js">
        <metrics statements="3" coveredstatements="2" conditionals="0" coveredconditionals="0" methods="2" coveredmethods="1"/>
        <line num="11" count="4" type="stmt"/>
        <line num="12" count="4" type="stmt"/>
        <line num="15" count="0" type="stmt"/>
      </file>
    </metrics>
  </project>
</coverage>
