{"/Users/angel/development/learning/myreads/src/components/Book.js": {"path":"/Users/angel/development/learning/myreads/src/components/Book.js","statementMap":{"0":{"start":{"line":14,"column":34},"end":{"line":14,"column":44}},"1":{"start":{"line":15,"column":4},"end":{"line":37,"column":5}}},"fnMap":{"0":{"name":"(anonymous_0)","decl":{"start":{"line":13,"column":2},"end":{"line":13,"column":3}},"loc":{"start":{"line":13,"column":11},"end":{"line":38,"column":3}},"line":13}},"branchMap":{},"s":{"0":3,"1":3},"f":{"0":3},"b":{},"_coverageSchema":"332fd63041d2c1bcb487cc26dd0d5f7d97098a6c","hash":"117d47cf91f9fba8a44bd641e5d8ca8933274d30"}
,"/Users/angel/development/learning/myreads/src/components/BookShelf.js": {"path":"/Users/angel/development/learning/myreads/src/components/BookShelf.js","statementMap":{"0":{"start":{"line":14,"column":42},"end":{"line":14,"column":52}},"1":{"start":{"line":15,"column":4},"end":{"line":30,"column":5}},"2":{"start":{"line":21,"column":14},"end":{"line":25,"column":16}}},"fnMap":{"0":{"name":"(anonymous_0)","decl":{"start":{"line":13,"column":2},"end":{"line":13,"column":3}},"loc":{"start":{"line":13,"column":11},"end":{"line":31,"column":3}},"line":13},"1":{"name":"(anonymous_1)","decl":{"start":{"line":20,"column":23},"end":{"line":20,"column":24}},"loc":{"start":{"line":21,"column":14},"end":{"line":25,"column":16}},"line":21}},"branchMap":{},"s":{"0":1,"1":1,"2":2},"f":{"0":1,"1":2},"b":{},"_coverageSchema":"332fd63041d2c1bcb487cc26dd0d5f7d97098a6c","hash":"33f45a1fedbd6c6b51a18a2d62fd0c4f51425b23"}
,"/Users/angel/development/learning/myreads/src/components/ListBooks.js": {"path":"/Users/angel/development/learning/myreads/src/components/ListBooks.js","statementMap":{"0":{"start":{"line":1,"column":39},"end":{"line":1,"column":101}},"1":{"start":{"line":1,"column":120},"end":{"line":1,"column":191}},"2":{"start":{"line":4,"column":184},"end":{"line":4,"column":238}},"3":{"start":{"line":14,"column":35},"end":{"line":14,"column":45}},"4":{"start":{"line":15,"column":29},"end":{"line":15,"column":84}},"5":{"start":{"line":15,"column":50},"end":{"line":15,"column":83}},"6":{"start":{"line":16,"column":23},"end":{"line":16,"column":72}},"7":{"start":{"line":16,"column":44},"end":{"line":16,"column":71}},"8":{"start":{"line":17,"column":17},"end":{"line":17,"column":60}},"9":{"start":{"line":17,"column":38},"end":{"line":17,"column":59}},"10":{"start":{"line":18,"column":4},"end":{"line":29,"column":271}}},"fnMap":{"0":{"name":"_interopRequireDefault","decl":{"start":{"line":4,"column":155},"end":{"line":4,"column":177}},"loc":{"start":{"line":4,"column":183},"end":{"line":4,"column":239}},"line":4},"1":{"name":"(anonymous_1)","decl":{"start":{"line":13,"column":2},"end":{"line":13,"column":3}},"loc":{"start":{"line":13,"column":11},"end":{"line":33,"column":3}},"line":13},"2":{"name":"(anonymous_2)","decl":{"start":{"line":15,"column":42},"end":{"line":15,"column":43}},"loc":{"start":{"line":15,"column":50},"end":{"line":15,"column":83}},"line":15},"3":{"name":"(anonymous_3)","decl":{"start":{"line":16,"column":36},"end":{"line":16,"column":37}},"loc":{"start":{"line":16,"column":44},"end":{"line":16,"column":71}},"line":16},"4":{"name":"(anonymous_4)","decl":{"start":{"line":17,"column":30},"end":{"line":17,"column":31}},"loc":{"start":{"line":17,"column":38},"end":{"line":17,"column":59}},"line":17}},"branchMap":{"0":{"loc":{"start":{"line":4,"column":191},"end":{"line":4,"column":237}},"type":"cond-expr","locations":[{"start":{"line":4,"column":215},"end":{"line":4,"column":218}},{"start":{"line":4,"column":221},"end":{"line":4,"column":237}}],"line":4},"1":{"loc":{"start":{"line":4,"column":191},"end":{"line":4,"column":212}},"type":"binary-expr","locations":[{"start":{"line":4,"column":191},"end":{"line":4,"column":194}},{"start":{"line":4,"column":198},"end":{"line":4,"column":212}}],"line":4}},"s":{"0":0,"1":0,"2":0,"3":0,"4":0,"5":0,"6":0,"7":0,"8":0,"9":0,"10":0},"f":{"0":0,"1":0,"2":0,"3":0,"4":0},"b":{"0":[0,0],"1":[0,0]}}
,"/Users/angel/development/learning/myreads/src/components/SearchBooks.js": {"path":"/Users/angel/development/learning/myreads/src/components/SearchBooks.js","statementMap":{"0":{"start":{"line":1,"column":39},"end":{"line":1,"column":101}},"1":{"start":{"line":1,"column":120},"end":{"line":1,"column":193}},"2":{"start":{"line":6,"column":465},"end":{"line":6,"column":519}},"3":{"start":{"line":40,"column":31},"end":{"line":40,"column":41}},"4":{"start":{"line":41,"column":28},"end":{"line":41,"column":38}},"5":{"start":{"line":43,"column":4},"end":{"line":43,"column":76}},"6":{"start":{"line":45,"column":4},"end":{"line":73,"column":115}},"7":{"start":{"line":54,"column":33},"end":{"line":54,"column":69}},"8":{"start":{"line":70,"column":38},"end":{"line":73,"column":109}}},"fnMap":{"0":{"name":"_interopRequireDefault","decl":{"start":{"line":6,"column":436},"end":{"line":6,"column":458}},"loc":{"start":{"line":6,"column":464},"end":{"line":6,"column":520}},"line":6},"1":{"name":"(anonymous_1)","decl":{"start":{"line":39,"column":2},"end":{"line":39,"column":3}},"loc":{"start":{"line":39,"column":11},"end":{"line":80,"column":3}},"line":39},"2":{"name":"(anonymous_2)","decl":{"start":{"line":54,"column":24},"end":{"line":54,"column":25}},"loc":{"start":{"line":54,"column":33},"end":{"line":54,"column":69}},"line":54},"3":{"name":"(anonymous_3)","decl":{"start":{"line":69,"column":24},"end":{"line":69,"column":25}},"loc":{"start":{"line":70,"column":38},"end":{"line":73,"column":109}},"line":70}},"branchMap":{"0":{"loc":{"start":{"line":6,"column":472},"end":{"line":6,"column":518}},"type":"cond-expr","locations":[{"start":{"line":6,"column":496},"end":{"line":6,"column":499}},{"start":{"line":6,"column":502},"end":{"line":6,"column":518}}],"line":6},"1":{"loc":{"start":{"line":6,"column":472},"end":{"line":6,"column":493}},"type":"binary-expr","locations":[{"start":{"line":6,"column":472},"end":{"line":6,"column":475}},{"start":{"line":6,"column":479},"end":{"line":6,"column":493}}],"line":6},"2":{"loc":{"start":{"line":60,"column":8},"end":{"line":63,"column":268}},"type":"binary-expr","locations":[{"start":{"line":60,"column":8},"end":{"line":60,"column":28}}],"line":60}},"s":{"0":0,"1":0,"2":0,"3":0,"4":0,"5":0,"6":0,"7":0,"8":0},"f":{"0":0,"1":0,"2":0,"3":0},"b":{"0":[0,0],"1":[0,0],"2":[0]}}
,"/Users/angel/development/learning/myreads/src/components/booksSelector.js": {"path":"/Users/angel/development/learning/myreads/src/components/booksSelector.js","statementMap":{"0":{"start":{"line":11,"column":21},"end":{"line":11,"column":31}},"1":{"start":{"line":12,"column":4},"end":{"line":26,"column":5}},"2":{"start":{"line":15,"column":23},"end":{"line":15,"column":71}}},"fnMap":{"0":{"name":"(anonymous_0)","decl":{"start":{"line":10,"column":2},"end":{"line":10,"column":3}},"loc":{"start":{"line":10,"column":11},"end":{"line":27,"column":3}},"line":10},"1":{"name":"(anonymous_1)","decl":{"start":{"line":15,"column":12},"end":{"line":15,"column":13}},"loc":{"start":{"line":15,"column":23},"end":{"line":15,"column":71}},"line":15}},"branchMap":{},"s":{"0":4,"1":4,"2":0},"f":{"0":4,"1":0},"b":{},"_coverageSchema":"332fd63041d2c1bcb487cc26dd0d5f7d97098a6c","hash":"48a3822161dec1b065c8989083d60b15bb09ea42"}
}
